<?xml version="1.0" encoding="UTF-8"?>
<!-- Generated by org.testng.reporters.JUnitXMLReporter -->
<testsuite ignored="2" hostname="DESKTOP-DRC1TFD" failures="0" tests="5" name="Test-Runner2" time="418.664" errors="0" timestamp="2022-11-07T22:32:39 GMT-08:00">
  <testcase classname="vTigerContactsTests.CreateContactWithOrganisationTest" name="createContactWithOrganisationTest" time="171.671"/>
  <testcase classname="vTigerContactsTests.CreateContactTest" name="createCintactTest" time="30.555"/>
  <testcase classname="vTigerContactsTests.CreateContactTest" name="createContactTest" time="0.005"/>
  <testcase classname="vTigerContactsTests.CreateContactTest" name="createContactWithLeadSource" time="0.002"/>
  <testcase classname="vTigerContactsTests.CreateContactTest" name="createContactWithLeadSourceAndOrg" time="0.009"/>
  <testcase classname="vtiger.GenericLibrary.BaseClass" name="@AfterSuite asConfig" time="0.0">
    <ignored/>
  </testcase> <!-- @AfterSuite asConfig -->
  <testcase classname="vtiger.GenericLibrary.BaseClass" name="@BeforeSuite bsConfig" time="0.0">
    <ignored/>
  </testcase> <!-- @BeforeSuite bsConfig -->
</testsuite> <!-- Test-Runner2 -->
