<?xml version="1.0" encoding="UTF-8"?>
<!-- Generated by org.testng.reporters.JUnitReportReporter -->
<testsuite hostname="DESKTOP-DRC1TFD" failures="0" tests="4" name="vtiger.practice.CreateMultipleOrganisationwithIndustry" time="0.032" errors="0" timestamp="2022-11-02T23:39:03 GMT-07:00" skipped="0">
  <testcase classname="vtiger.practice.CreateMultipleOrganisationwithIndustry" name="CreateMultipleOrganisationwithIndustryTest" time="0.002"/>
  <system-out/>
  <testcase classname="vtiger.practice.CreateMultipleOrganisationwithIndustry" name="CreateMultipleOrganisationwithIndustryTest" time="0.008"/>
  <system-out/>
  <testcase classname="vtiger.practice.CreateMultipleOrganisationwithIndustry" name="CreateMultipleOrganisationwithIndustryTest" time="0.011"/>
  <system-out/>
  <testcase classname="vtiger.practice.CreateMultipleOrganisationwithIndustry" name="CreateMultipleOrganisationwithIndustryTest" time="0.011"/>
  <system-out/>
</testsuite> <!-- vtiger.practice.CreateMultipleOrganisationwithIndustry -->
