<?xml version="1.0" encoding="UTF-8"?>
<!-- Generated by org.testng.reporters.JUnitReportReporter -->
<testsuite hostname="DESKTOP-DRC1TFD" failures="0" tests="4" name="vtiger.practice.TestNgPractice" time="0.031" errors="0" timestamp="2022-11-01T22:59:19 GMT-07:00" skipped="0">
  <testcase classname="vtiger.practice.TestNgPractice" name="createCustomer" time="0.004"/>
  <system-out/>
  <testcase classname="vtiger.practice.TestNgPractice" name="createCustomer" time="0.018"/>
  <system-out/>
  <testcase classname="vtiger.practice.TestNgPractice" name="modifyCustomer" time="0.007"/>
  <system-out/>
  <testcase classname="vtiger.practice.TestNgPractice" name="deleteCustomer" time="0.002"/>
  <system-out/>
</testsuite> <!-- vtiger.practice.TestNgPractice -->
