<?xml version="1.0" encoding="UTF-8"?>
<!-- Generated by org.testng.reporters.JUnitReportReporter -->
<testsuite hostname="DESKTOP-DRC1TFD" failures="0" tests="1" name="vtiger.practice.createContactTest" time="0.016" errors="0" timestamp="2022-11-15T22:24:27 GMT-08:00" skipped="0">
  <testcase classname="vtiger.practice.createContactTest" name="createContactTest" time="0.016"/>
  <system-out/>
</testsuite> <!-- vtiger.practice.createContactTest -->
