<?xml version="1.0" encoding="UTF-8"?>
<!-- Generated by org.testng.reporters.JUnitReportReporter -->
<testsuite hostname="DESKTOP-DRC1TFD" failures="0" tests="3" name="vtiger.practice.DataProviderAccept" time="0.023" errors="0" timestamp="2022-11-02T23:06:56 GMT-07:00" skipped="0">
  <testcase classname="vtiger.practice.DataProviderAccept" name="addProductToCartTest" time="0.003"/>
  <system-out/>
  <testcase classname="vtiger.practice.DataProviderAccept" name="addProductToCartTest" time="0.014"/>
  <system-out/>
  <testcase classname="vtiger.practice.DataProviderAccept" name="addProductToCartTest" time="0.006"/>
  <system-out/>
</testsuite> <!-- vtiger.practice.DataProviderAccept -->
