<?xml version="1.0" encoding="UTF-8"?>
<!-- Generated by org.testng.reporters.JUnitReportReporter -->
<testsuite hostname="DESKTOP-DRC1TFD" failures="0" tests="1" name="vTigerOrganizatioTests.CreateOrganisationTest" time="30.761" errors="0" timestamp="2022-11-10T23:57:15 GMT-08:00" skipped="0">
  <testcase classname="vTigerOrganizatioTests.CreateOrganisationTest" name="createOrganisationTest" time="30.761"/>
  <system-out/>
</testsuite> <!-- vTigerOrganizatioTests.CreateOrganisationTest -->
