<?xml version="1.0" encoding="UTF-8"?>
<!-- Generated by org.testng.reporters.JUnitReportReporter -->
<testsuite hostname="DESKTOP-DRC1TFD" failures="0" tests="1" name="vTigerContactsTests.CreateContactWithOrganisationTest" time="51.254" errors="0" timestamp="2022-11-10T23:57:15 GMT-08:00" skipped="0">
  <testcase classname="vTigerContactsTests.CreateContactWithOrganisationTest" name="createContactWithOrganisationTest" time="51.254"/>
  <system-out>
    <![CDATA[organisation link is created
organisation  is created
organisation  is created and saved
organisation  is created sucessfully]]>
  </system-out>
</testsuite> <!-- vTigerContactsTests.CreateContactWithOrganisationTest -->
